<?xml version="1.0" encoding="UTF-8"?>
<!-- Generated by org.testng.reporters.JUnitReportReporter -->
<testsuite skipped="0" hostname="a2ml24809" name="DropDowns3" tests="1" failures="0" timestamp="17 Aug 2018 09:54:43 GMT" time="66.523" errors="0">
  <testcase name="selectdropdownvalues" time="66.523" classname="DropDowns3"/>
</testsuite> <!-- DropDowns3 -->
