<?xml version="1.0" encoding="UTF-8"?>
<!-- Generated by org.testng.reporters.JUnitReportReporter -->
<testsuite skipped="0" hostname="a2ml24809" name="verifyerrormessages.VerifyError" tests="1" failures="0" timestamp="17 Aug 2018 13:57:28 GMT" time="31.717" errors="0">
  <testcase name="verifymessages" time="31.717" classname="verifyerrormessages.VerifyError"/>
</testsuite> <!-- verifyerrormessages.VerifyError -->
